Build started 12/19/2013 8:26:07 PM.
     1>Project "C:\Users\Gerald Alston Blake\Start\College\MySyncUPFiles\OSU\Numerical Methods\Root Finder\Root Finder\Root Finder.vcxproj" on node 2 (build target(s)).
     1>InitializeBuildStatus:
         Creating "Debug\Root Finder.unsuccessfulbuild" because "AlwaysCreate" was specified.
       ClCompile:
         c:\Program Files (x86)\Microsoft Visual Studio 10.0\VC\bin\CL.exe /c /ZI /nologo /W3 /WX- /Od /Oy- /D _MBCS /Gm /EHsc /RTC1 /MDd /GS /fp:precise /Zc:wchar_t /Zc:forScope /Fo"Debug\\" /Fd"Debug\vc100.pdb" /Gd /TP /analyze- /errorReport:prompt Root.cpp
         Root.cpp
     1>c:\users\gerald alston blake\start\college\mysyncupfiles\osu\numerical methods\root finder\root finder\root.cpp(401): warning C4244: 'argument' : conversion from 'double' to 'unsigned int', possible loss of data
     1>c:\users\gerald alston blake\start\college\mysyncupfiles\osu\numerical methods\root finder\root finder\root.cpp(402): warning C4244: 'argument' : conversion from 'double' to 'unsigned int', possible loss of data
     1>c:\users\gerald alston blake\start\college\mysyncupfiles\osu\numerical methods\root finder\root finder\root.cpp(402): warning C4244: 'argument' : conversion from 'double' to 'unsigned int', possible loss of data
     1>c:\users\gerald alston blake\start\college\mysyncupfiles\osu\numerical methods\root finder\root finder\root.cpp(404): warning C4244: 'argument' : conversion from 'double' to 'unsigned int', possible loss of data
     1>c:\users\gerald alston blake\start\college\mysyncupfiles\osu\numerical methods\root finder\root finder\root.cpp(404): warning C4244: 'argument' : conversion from 'double' to 'unsigned int', possible loss of data
     1>c:\users\gerald alston blake\start\college\mysyncupfiles\osu\numerical methods\root finder\root finder\root.cpp(404): warning C4244: 'argument' : conversion from 'double' to 'unsigned int', possible loss of data
     1>c:\users\gerald alston blake\start\college\mysyncupfiles\osu\numerical methods\root finder\root finder\root.cpp(424): warning C4244: 'argument' : conversion from 'double' to 'unsigned int', possible loss of data
     1>c:\users\gerald alston blake\start\college\mysyncupfiles\osu\numerical methods\root finder\root finder\root.cpp(425): warning C4244: 'argument' : conversion from 'double' to 'unsigned int', possible loss of data
     1>c:\users\gerald alston blake\start\college\mysyncupfiles\osu\numerical methods\root finder\root finder\root.cpp(425): warning C4244: 'argument' : conversion from 'double' to 'unsigned int', possible loss of data
     1>c:\users\gerald alston blake\start\college\mysyncupfiles\osu\numerical methods\root finder\root finder\root.cpp(427): warning C4244: 'argument' : conversion from 'double' to 'unsigned int', possible loss of data
     1>c:\users\gerald alston blake\start\college\mysyncupfiles\osu\numerical methods\root finder\root finder\root.cpp(427): warning C4244: 'argument' : conversion from 'double' to 'unsigned int', possible loss of data
     1>c:\users\gerald alston blake\start\college\mysyncupfiles\osu\numerical methods\root finder\root finder\root.cpp(427): warning C4244: 'argument' : conversion from 'double' to 'unsigned int', possible loss of data
     1>c:\users\gerald alston blake\start\college\mysyncupfiles\osu\numerical methods\root finder\root finder\root.cpp(450): warning C4244: 'argument' : conversion from 'double' to 'unsigned int', possible loss of data
     1>c:\users\gerald alston blake\start\college\mysyncupfiles\osu\numerical methods\root finder\root finder\root.cpp(451): warning C4244: 'argument' : conversion from 'double' to 'unsigned int', possible loss of data
     1>c:\users\gerald alston blake\start\college\mysyncupfiles\osu\numerical methods\root finder\root finder\root.cpp(451): warning C4244: 'argument' : conversion from 'double' to 'unsigned int', possible loss of data
     1>c:\users\gerald alston blake\start\college\mysyncupfiles\osu\numerical methods\root finder\root finder\root.cpp(453): warning C4244: 'argument' : conversion from 'double' to 'unsigned int', possible loss of data
     1>c:\users\gerald alston blake\start\college\mysyncupfiles\osu\numerical methods\root finder\root finder\root.cpp(453): warning C4244: 'argument' : conversion from 'double' to 'unsigned int', possible loss of data
     1>c:\users\gerald alston blake\start\college\mysyncupfiles\osu\numerical methods\root finder\root finder\root.cpp(453): warning C4244: 'argument' : conversion from 'double' to 'unsigned int', possible loss of data
     1>c:\users\gerald alston blake\start\college\mysyncupfiles\osu\numerical methods\root finder\root finder\root.cpp(478): warning C4018: '<' : signed/unsigned mismatch
     1>c:\users\gerald alston blake\start\college\mysyncupfiles\osu\numerical methods\root finder\root finder\root.cpp(500): warning C4244: 'argument' : conversion from 'double' to 'unsigned int', possible loss of data
     1>c:\users\gerald alston blake\start\college\mysyncupfiles\osu\numerical methods\root finder\root finder\root.cpp(501): warning C4244: 'argument' : conversion from 'double' to 'unsigned int', possible loss of data
     1>c:\users\gerald alston blake\start\college\mysyncupfiles\osu\numerical methods\root finder\root finder\root.cpp(501): warning C4244: 'argument' : conversion from 'double' to 'unsigned int', possible loss of data
     1>c:\users\gerald alston blake\start\college\mysyncupfiles\osu\numerical methods\root finder\root finder\root.cpp(503): warning C4244: 'argument' : conversion from 'double' to 'unsigned int', possible loss of data
     1>c:\users\gerald alston blake\start\college\mysyncupfiles\osu\numerical methods\root finder\root finder\root.cpp(503): warning C4244: 'argument' : conversion from 'double' to 'unsigned int', possible loss of data
     1>c:\users\gerald alston blake\start\college\mysyncupfiles\osu\numerical methods\root finder\root finder\root.cpp(503): warning C4244: 'argument' : conversion from 'double' to 'unsigned int', possible loss of data
     1>c:\users\gerald alston blake\start\college\mysyncupfiles\osu\numerical methods\root finder\root finder\root.cpp(220): warning C4715: 'f' : not all control paths return a value
     1>c:\users\gerald alston blake\start\college\mysyncupfiles\osu\numerical methods\root finder\root finder\root.cpp(253): warning C4715: 'fprime' : not all control paths return a value
       Link:
         c:\Program Files (x86)\Microsoft Visual Studio 10.0\VC\bin\link.exe /ERRORREPORT:PROMPT /OUT:"C:\Users\Gerald Alston Blake\Start\College\MySyncUPFiles\OSU\Numerical Methods\Root Finder\Debug\Root Finder.exe" /NOLOGO kernel32.lib user32.lib gdi32.lib winspool.lib comdlg32.lib advapi32.lib shell32.lib ole32.lib oleaut32.lib uuid.lib odbc32.lib odbccp32.lib /MANIFEST /ManifestFile:"Debug\Root Finder.exe.intermediate.manifest" /MANIFESTUAC:"level='asInvoker' uiAccess='false'" /DEBUG /PDB:"C:\Users\Gerald Alston Blake\Start\College\MySyncUPFiles\OSU\Numerical Methods\Root Finder\Debug\Root Finder.pdb" /TLBID:1 /DYNAMICBASE /NXCOMPAT /IMPLIB:"C:\Users\Gerald Alston Blake\Start\College\MySyncUPFiles\OSU\Numerical Methods\Root Finder\Debug\Root Finder.lib" /MACHINE:X86 Debug\Root.obj
         Root Finder.vcxproj -> C:\Users\Gerald Alston Blake\Start\College\MySyncUPFiles\OSU\Numerical Methods\Root Finder\Debug\Root Finder.exe
       Manifest:
         C:\Program Files (x86)\Microsoft SDKs\Windows\v7.0A\bin\mt.exe /nologo /verbose /outputresource:"C:\Users\Gerald Alston Blake\Start\College\MySyncUPFiles\OSU\Numerical Methods\Root Finder\Debug\Root Finder.exe;#1" /manifest "Debug\Root Finder.exe.intermediate.manifest"
       FinalizeBuildStatus:
         Deleting file "Debug\Root Finder.unsuccessfulbuild".
         Touching "Debug\Root Finder.lastbuildstate".
     1>Done Building Project "C:\Users\Gerald Alston Blake\Start\College\MySyncUPFiles\OSU\Numerical Methods\Root Finder\Root Finder\Root Finder.vcxproj" (build target(s)).

Build succeeded.

Time Elapsed 00:00:08.78
